<?xml version="1.0" encoding="UTF-8"?>
<testsuite xmlns:xsi="http://www.w3.org/2001/XMLSchema-instance" xsi:noNamespaceSchemaLocation="https://maven.apache.org/surefire/maven-surefire-plugin/xsd/surefire-test-report-3.0.xsd" version="3.0" name="com.casino.CasinoApplicationTests" time="4.8" tests="1" errors="0" skipped="0" failures="0">
  <properties>
[...]
</properties>
  <testcase name="contextLoads" classname="com.casino.CasinoApplicationTests" time="0.468">
    <system-out><![CDATA[20:19:09.487 [main] INFO org.springframework.test.context.support.AnnotationConfigContextLoaderUtils -- Could not detect default configuration classes for test class [com.casino.CasinoApplicationTests]: CasinoApplicationTests does not declare any static, non-private, non-final, nested classes annotated with @Configuration.
20:19:09.586 [main] INFO org.springframework.boot.test.context.SpringBootTestContextBootstrapper -- Found @SpringBootConfiguration com.casino.CasinoApplication for test class com.casino.CasinoApplicationTests

  .   ____          _            __ _ _
 /\\ / ___'_ __ _ _(_)_ __  __ _ \ \ \ \
( ( )\___ | '_ | '_| | '_ \/ _` | \ \ \ \
 \\/  ___)| |_)| | | | | || (_| |  ) ) ) )
  '  |____| .__|_| |_|_| |_\__, | / / / /
 =========|_|==============|___/=/_/_/_/
 :: Spring Boot ::                (v3.1.4)

2024-02-05T20:19:09.984Z  INFO 15396 --- [           main] com.casino.CasinoApplicationTests        : Starting CasinoApplicationTests using Java 17.0.2 with PID 15396 (started by A44646 in D:\Java_Projects\git\casino-backend)
2024-02-05T20:19:09.985Z  INFO 15396 --- [           main] com.casino.CasinoApplicationTests        : No active profile set, falling back to 1 default profile: "default"
2024-02-05T20:19:10.649Z  INFO 15396 --- [           main] .s.d.r.c.RepositoryConfigurationDelegate : Bootstrapping Spring Data JPA repositories in DEFAULT mode.
2024-02-05T20:19:10.711Z  INFO 15396 --- [           main] .s.d.r.c.RepositoryConfigurationDelegate : Finished Spring Data repository scanning in 53 ms. Found 1 JPA repository interfaces.
2024-02-05T20:19:11.218Z  INFO 15396 --- [           main] o.hibernate.jpa.internal.util.LogHelper  : HHH000204: Processing PersistenceUnitInfo [name: default]
2024-02-05T20:19:11.302Z  INFO 15396 --- [           main] org.hibernate.Version                    : HHH000412: Hibernate ORM core version 6.2.9.Final
2024-02-05T20:19:11.304Z  INFO 15396 --- [           main] org.hibernate.cfg.Environment            : HHH000406: Using bytecode reflection optimizer
2024-02-05T20:19:11.489Z  INFO 15396 --- [           main] o.h.b.i.BytecodeProviderInitiator        : HHH000021: Bytecode provider name : bytebuddy
2024-02-05T20:19:11.624Z  INFO 15396 --- [           main] o.s.o.j.p.SpringPersistenceUnitInfo      : No LoadTimeWeaver setup: ignoring JPA class transformer
2024-02-05T20:19:11.644Z  INFO 15396 --- [           main] com.zaxxer.hikari.HikariDataSource       : HikariPool-1 - Starting...
2024-02-05T20:19:11.842Z  INFO 15396 --- [           main] com.zaxxer.hikari.pool.HikariPool        : HikariPool-1 - Added connection conn0: url=jdbc:h2:mem:testdb user=SA
2024-02-05T20:19:11.844Z  INFO 15396 --- [           main] com.zaxxer.hikari.HikariDataSource       : HikariPool-1 - Start completed.
2024-02-05T20:19:12.071Z  INFO 15396 --- [           main] o.h.b.i.BytecodeProviderInitiator        : HHH000021: Bytecode provider name : bytebuddy
2024-02-05T20:19:12.667Z  INFO 15396 --- [           main] o.h.e.t.j.p.i.JtaPlatformInitiator       : HHH000490: Using JtaPlatform implementation: [org.hibernate.engine.transaction.jta.platform.internal.NoJtaPlatform]
2024-02-05T20:19:12.703Z  INFO 15396 --- [           main] j.LocalContainerEntityManagerFactoryBean : Initialized JPA EntityManagerFactory for persistence unit 'default'
2024-02-05T20:19:13.004Z  WARN 15396 --- [           main] JpaBaseConfiguration$JpaWebConfiguration : spring.jpa.open-in-view is enabled by default. Therefore, database queries may be performed during view rendering. Explicitly configure spring.jpa.open-in-view to disable this warning
2024-02-05T20:19:13.024Z  WARN 15396 --- [           main] .s.s.UserDetailsServiceAutoConfiguration : 

Using generated security password: 64a5dbae-5623-498f-9657-3ae1032fa3ff

This generated password is for development use only. Your security configuration must be updated before running your application in production.

2024-02-05T20:19:13.179Z  INFO 15396 --- [           main] o.s.s.web.DefaultSecurityFilterChain     : Will secure any request with [org.springframework.security.web.session.DisableEncodeUrlFilter@73818435, org.springframework.security.web.context.request.async.WebAsyncManagerIntegrationFilter@2fce8243, org.springframework.security.web.context.SecurityContextHolderFilter@2b06f498, org.springframework.security.web.header.HeaderWriterFilter@1117cc7c, org.springframework.security.web.authentication.logout.LogoutFilter@155318b5, org.springframework.security.web.savedrequest.RequestCacheAwareFilter@7b24d5e4, org.springframework.security.web.servletapi.SecurityContextHolderAwareRequestFilter@642d34f1, org.springframework.security.web.authentication.AnonymousAuthenticationFilter@52fe87e0, org.springframework.security.web.access.ExceptionTranslationFilter@3b0c38f2, org.springframework.security.web.access.intercept.AuthorizationFilter@70b630d]
2024-02-05T20:19:13.588Z  INFO 15396 --- [           main] o.s.b.a.h2.H2ConsoleAutoConfiguration    : H2 console available at '/h2-console'. Database available at 'jdbc:h2:mem:testdb'
2024-02-05T20:19:13.642Z  INFO 15396 --- [           main] com.casino.CasinoApplicationTests        : Started CasinoApplicationTests in 3.918 seconds (process running for 4.828)
]]></system-out>
  </testcase>
</testsuite>